# JRE version: 7.0_07-b10
# Java VM: Java HotSpot(TM) 64-Bit Server VM (23.3-b01 mixed mode bsd-amd64 compressed oops)
Heap
 PSYoungGen      total 25088K, used 13302K [0x00000007e3f60000, 0x00000007e5b60000, 0x0000000800000000)
  eden space 21504K, 45% used [0x00000007e3f60000,0x00000007e48e2808,0x00000007e5460000)
  from space 3584K, 99% used [0x00000007e57e0000,0x00000007e5b5b030,0x00000007e5b60000)
  to   space 3584K, 0% used [0x00000007e5460000,0x00000007e5460000,0x00000007e57e0000)
 ParOldGen       total 57408K, used 3749K [0x00000007abe00000, 0x00000007af610000, 0x00000007e3f60000)
  object space 57408K, 6% used [0x00000007abe00000,0x00000007ac1a9750,0x00000007af610000)
 PSPermGen       total 21248K, used 16129K [0x00000007a6c00000, 0x00000007a80c0000, 0x00000007abe00000)
  object space 21248K, 75% used [0x00000007a6c00000,0x00000007a7bc0580,0x00000007a80c0000)
GC Heap History (4 events):
Event: 1.463 GC heap before
{Heap before GC invocations=1 (full 0):
 PSYoungGen      total 25088K, used 21504K [0x00000007e3f60000, 0x00000007e5b60000, 0x0000000800000000)
  eden space 21504K, 100% used [0x00000007e3f60000,0x00000007e5460000,0x00000007e5460000)
  from space 3584K, 0% used [0x00000007e57e0000,0x00000007e57e0000,0x00000007e5b60000)
  to   space 3584K, 0% used [0x00000007e5460000,0x00000007e5460000,0x00000007e57e0000)
 ParOldGen       total 57408K, used 0K [0x00000007abe00000, 0x00000007af610000, 0x00000007e3f60000)
  object space 57408K, 0% used [0x00000007abe00000,0x00000007abe00000,0x00000007af610000)
 PSPermGen       total 21248K, used 12355K [0x00000007a6c00000, 0x00000007a80c0000, 0x00000007abe00000)
  object space 21248K, 58% used [0x00000007a6c00000,0x00000007a7810f00,0x00000007a80c0000)
Event: 1.474 GC heap after
Heap after GC invocations=1 (full 0):
 PSYoungGen      total 25088K, used 3380K [0x00000007e3f60000, 0x00000007e5b60000, 0x0000000800000000)
  eden space 21504K, 0% used [0x00000007e3f60000,0x00000007e3f60000,0x00000007e5460000)
  from space 3584K, 94% used [0x00000007e5460000,0x00000007e57ad320,0x00000007e57e0000)
  to   space 3584K, 0% used [0x00000007e57e0000,0x00000007e57e0000,0x00000007e5b60000)
 ParOldGen       total 57408K, used 8K [0x00000007abe00000, 0x00000007af610000, 0x00000007e3f60000)
  object space 57408K, 0% used [0x00000007abe00000,0x00000007abe02000,0x00000007af610000)
 PSPermGen       total 21248K, used 12355K [0x00000007a6c00000, 0x00000007a80c0000, 0x00000007abe00000)
  object space 21248K, 58% used [0x00000007a6c00000,0x00000007a7810f00,0x00000007a80c0000)
}
Event: 12.124 GC heap before
{Heap before GC invocations=2 (full 0):
 PSYoungGen      total 25088K, used 24884K [0x00000007e3f60000, 0x00000007e5b60000, 0x0000000800000000)
  eden space 21504K, 100% used [0x00000007e3f60000,0x00000007e5460000,0x00000007e5460000)
  from space 3584K, 94% used [0x00000007e5460000,0x00000007e57ad320,0x00000007e57e0000)
  to   space 3584K, 0% used [0x00000007e57e0000,0x00000007e57e0000,0x00000007e5b60000)
 ParOldGen       total 57408K, used 8K [0x00000007abe00000, 0x00000007af610000, 0x00000007e3f60000)
  object space 57408K, 0% used [0x00000007abe00000,0x00000007abe02000,0x00000007af610000)
 PSPermGen       total 21248K, used 16039K [0x00000007a6c00000, 0x00000007a80c0000, 0x00000007abe00000)
  object space 21248K, 75% used [0x00000007a6c00000,0x00000007a7ba9c80,0x00000007a80c0000)
Event: 12.148 GC heap after
Heap after GC invocations=2 (full 0):
 PSYoungGen      total 25088K, used 3564K [0x00000007e3f60000, 0x00000007e5b60000, 0x0000000800000000)
  eden space 21504K, 0% used [0x00000007e3f60000,0x00000007e3f60000,0x00000007e5460000)
  from space 3584K, 99% used [0x00000007e57e0000,0x00000007e5b5b030,0x00000007e5b60000)
  to   space 3584K, 0% used [0x00000007e5460000,0x00000007e5460000,0x00000007e57e0000)
 ParOldGen       total 57408K, used 3749K [0x00000007abe00000, 0x00000007af610000, 0x00000007e3f60000)
  object space 57408K, 6% used [0x00000007abe00000,0x00000007ac1a9750,0x00000007af610000)
 PSPermGen       total 21248K, used 16039K [0x00000007a6c00000, 0x00000007a80c0000, 0x00000007abe00000)
  object space 21248K, 75% used [0x00000007a6c00000,0x00000007a7ba9c80,0x00000007a80c0000)
}

